Successfully updated tidbits content
Successfully updated about content
On branch main
Your branch is up to date with 'origin/main'.

Changes not staged for commit:
  (use "git add/rm <file>..." to update what will be committed)
  (use "git restore <file>..." to discard changes in working directory)
	deleted:    update_tidbits.sh

Untracked files:
  (use "git add <file>..." to include in what will be committed)
	auto-updates.log
	update_content.sh

no changes added to commit (use "git add" and/or "git commit -a")
Everything up-to-date
Content updated and pushed to git at Thu Dec 26 10:18:04 PST 2024
Successfully updated tidbits content
Successfully updated about content
[main 8c651c4] updated content
 1 file changed, 1 insertion(+), 1 deletion(-)
To github.com:will-hath/willhath.com.git
   994df88..8c651c4  main -> main
Attempted to update content at Thu Dec 26 10:19:02 PST 2024
Successfully updated tidbits content
Successfully updated about content
On branch main
Your branch is up to date with 'origin/main'.

Changes not staged for commit:
  (use "git add/rm <file>..." to update what will be committed)
  (use "git restore <file>..." to discard changes in working directory)
	deleted:    update_tidbits.sh

Untracked files:
  (use "git add <file>..." to include in what will be committed)
	auto-updates.log
	update_content.sh

no changes added to commit (use "git add" and/or "git commit -a")
Everything up-to-date
Attempted to update content at Thu Dec 26 10:20:01 PST 2024
Successfully updated tidbits content
Successfully updated about content
On branch main
Your branch is up to date with 'origin/main'.

Changes not staged for commit:
  (use "git add/rm <file>..." to update what will be committed)
  (use "git restore <file>..." to discard changes in working directory)
	deleted:    update_tidbits.sh

Untracked files:
  (use "git add <file>..." to include in what will be committed)
	auto-updates.log
	update_content.sh

no changes added to commit (use "git add" and/or "git commit -a")
Everything up-to-date
Attempted to update content at Thu Dec 26 10:21:02 PST 2024
Successfully updated tidbits content
Successfully updated about content
On branch main
Your branch is up to date with 'origin/main'.

Changes not staged for commit:
  (use "git add/rm <file>..." to update what will be committed)
  (use "git restore <file>..." to discard changes in working directory)
	deleted:    update_tidbits.sh

Untracked files:
  (use "git add <file>..." to include in what will be committed)
	auto-updates.log
	update_content.sh

no changes added to commit (use "git add" and/or "git commit -a")
Everything up-to-date
Attempted to update content at Thu Dec 26 10:22:01 PST 2024
Successfully updated tidbits content
Successfully updated about content
On branch main
Your branch is up to date with 'origin/main'.

Changes not staged for commit:
  (use "git add/rm <file>..." to update what will be committed)
  (use "git restore <file>..." to discard changes in working directory)
	deleted:    update_tidbits.sh

Untracked files:
  (use "git add <file>..." to include in what will be committed)
	auto-updates.log
	update_content.sh

no changes added to commit (use "git add" and/or "git commit -a")
Everything up-to-date
Attempted to update content at Thu Dec 26 10:23:02 PST 2024
Successfully updated tidbits content
Successfully updated about content
On branch main
Your branch is up to date with 'origin/main'.

Changes not staged for commit:
  (use "git add/rm <file>..." to update what will be committed)
  (use "git restore <file>..." to discard changes in working directory)
	deleted:    update_tidbits.sh

Untracked files:
  (use "git add <file>..." to include in what will be committed)
	auto-updates.log
	update_content.sh

no changes added to commit (use "git add" and/or "git commit -a")
Everything up-to-date
Attempted to update content at Thu Dec 26 10:24:01 PST 2024
Successfully updated tidbits content
Successfully updated about content
On branch main
Your branch is up to date with 'origin/main'.

Changes not staged for commit:
  (use "git add/rm <file>..." to update what will be committed)
  (use "git restore <file>..." to discard changes in working directory)
	deleted:    update_tidbits.sh

Untracked files:
  (use "git add <file>..." to include in what will be committed)
	auto-updates.log
	update_content.sh

no changes added to commit (use "git add" and/or "git commit -a")
Everything up-to-date
Attempted to update content at Thu Dec 26 10:25:02 PST 2024
Successfully updated tidbits content
Successfully updated about content
On branch main
Your branch is up to date with 'origin/main'.

Changes not staged for commit:
  (use "git add/rm <file>..." to update what will be committed)
  (use "git restore <file>..." to discard changes in working directory)
	deleted:    update_tidbits.sh

Untracked files:
  (use "git add <file>..." to include in what will be committed)
	auto-updates.log
	update_content.sh

no changes added to commit (use "git add" and/or "git commit -a")
Everything up-to-date
Attempted to update content at Thu Dec 26 10:26:02 PST 2024
Successfully updated tidbits content
Successfully updated about content
On branch main
Your branch is up to date with 'origin/main'.

Changes not staged for commit:
  (use "git add/rm <file>..." to update what will be committed)
  (use "git restore <file>..." to discard changes in working directory)
	deleted:    update_tidbits.sh

Untracked files:
  (use "git add <file>..." to include in what will be committed)
	auto-updates.log
	update_content.sh

no changes added to commit (use "git add" and/or "git commit -a")
Everything up-to-date
Attempted to update content at Thu Dec 26 10:27:01 PST 2024
Successfully updated tidbits content
Successfully updated about content
On branch main
Your branch is up to date with 'origin/main'.

Changes not staged for commit:
  (use "git add/rm <file>..." to update what will be committed)
  (use "git restore <file>..." to discard changes in working directory)
	deleted:    update_tidbits.sh

Untracked files:
  (use "git add <file>..." to include in what will be committed)
	auto-updates.log
	update_content.sh

no changes added to commit (use "git add" and/or "git commit -a")
Everything up-to-date
Attempted to update content at Thu Dec 26 10:28:02 PST 2024
Successfully updated tidbits content
Successfully updated about content
On branch main
Your branch is up to date with 'origin/main'.

Changes not staged for commit:
  (use "git add/rm <file>..." to update what will be committed)
  (use "git restore <file>..." to discard changes in working directory)
	deleted:    update_tidbits.sh

Untracked files:
  (use "git add <file>..." to include in what will be committed)
	auto-updates.log
	update_content.sh

no changes added to commit (use "git add" and/or "git commit -a")
Everything up-to-date
Attempted to update content at Thu Dec 26 10:29:01 PST 2024
Successfully updated tidbits content
Successfully updated about content
On branch main
Your branch is up to date with 'origin/main'.

Changes not staged for commit:
  (use "git add/rm <file>..." to update what will be committed)
  (use "git restore <file>..." to discard changes in working directory)
	deleted:    update_tidbits.sh

Untracked files:
  (use "git add <file>..." to include in what will be committed)
	auto-updates.log
	update_content.sh

no changes added to commit (use "git add" and/or "git commit -a")
Everything up-to-date
Attempted to update content at Thu Dec 26 10:30:02 PST 2024
Successfully updated tidbits content
Successfully updated about content
On branch main
Your branch is up to date with 'origin/main'.

Changes not staged for commit:
  (use "git add/rm <file>..." to update what will be committed)
  (use "git restore <file>..." to discard changes in working directory)
	deleted:    update_tidbits.sh

Untracked files:
  (use "git add <file>..." to include in what will be committed)
	auto-updates.log
	update_content.sh

no changes added to commit (use "git add" and/or "git commit -a")
Everything up-to-date
Attempted to update content at Thu Dec 26 10:31:01 PST 2024
Successfully updated tidbits content
Successfully updated about content
On branch main
Your branch is up to date with 'origin/main'.

Changes not staged for commit:
  (use "git add/rm <file>..." to update what will be committed)
  (use "git restore <file>..." to discard changes in working directory)
	deleted:    update_tidbits.sh

Untracked files:
  (use "git add <file>..." to include in what will be committed)
	auto-updates.log
	update_content.sh

no changes added to commit (use "git add" and/or "git commit -a")
Everything up-to-date
Attempted to update content at Thu Dec 26 10:32:02 PST 2024
Successfully updated tidbits content
Successfully updated about content
On branch main
Your branch is up to date with 'origin/main'.

Changes not staged for commit:
  (use "git add/rm <file>..." to update what will be committed)
  (use "git restore <file>..." to discard changes in working directory)
	deleted:    update_tidbits.sh

Untracked files:
  (use "git add <file>..." to include in what will be committed)
	auto-updates.log
	update_content.sh

no changes added to commit (use "git add" and/or "git commit -a")
Everything up-to-date
Attempted to update content at Thu Dec 26 10:33:01 PST 2024
Successfully updated tidbits content
Successfully updated about content
On branch main
Your branch is up to date with 'origin/main'.

Changes not staged for commit:
  (use "git add/rm <file>..." to update what will be committed)
  (use "git restore <file>..." to discard changes in working directory)
	deleted:    update_tidbits.sh

Untracked files:
  (use "git add <file>..." to include in what will be committed)
	auto-updates.log
	update_content.sh

no changes added to commit (use "git add" and/or "git commit -a")
Everything up-to-date
Attempted to update content at Thu Dec 26 10:34:02 PST 2024
Successfully updated tidbits content
Successfully updated about content
On branch main
Your branch is up to date with 'origin/main'.

Changes not staged for commit:
  (use "git add/rm <file>..." to update what will be committed)
  (use "git restore <file>..." to discard changes in working directory)
	deleted:    update_tidbits.sh

Untracked files:
  (use "git add <file>..." to include in what will be committed)
	auto-updates.log
	update_content.sh

no changes added to commit (use "git add" and/or "git commit -a")
Everything up-to-date
Attempted to update content at Thu Dec 26 10:35:02 PST 2024
Successfully updated tidbits content
Successfully updated about content
On branch main
Your branch is up to date with 'origin/main'.

Changes not staged for commit:
  (use "git add/rm <file>..." to update what will be committed)
  (use "git restore <file>..." to discard changes in working directory)
	deleted:    update_tidbits.sh

Untracked files:
  (use "git add <file>..." to include in what will be committed)
	auto-updates.log
	update_content.sh

no changes added to commit (use "git add" and/or "git commit -a")
Everything up-to-date
Attempted to update content at Thu Dec 26 10:36:01 PST 2024
Successfully updated tidbits content
Successfully updated about content
On branch main
Your branch is up to date with 'origin/main'.

Changes not staged for commit:
  (use "git add/rm <file>..." to update what will be committed)
  (use "git restore <file>..." to discard changes in working directory)
	deleted:    update_tidbits.sh

Untracked files:
  (use "git add <file>..." to include in what will be committed)
	auto-updates.log
	update_content.sh

no changes added to commit (use "git add" and/or "git commit -a")
Everything up-to-date
Attempted to update content at Thu Dec 26 10:37:02 PST 2024
Successfully updated tidbits content
Successfully updated about content
On branch main
Your branch is up to date with 'origin/main'.

Changes not staged for commit:
  (use "git add/rm <file>..." to update what will be committed)
  (use "git restore <file>..." to discard changes in working directory)
	modified:   src/app/home.css
	deleted:    update_tidbits.sh

Untracked files:
  (use "git add <file>..." to include in what will be committed)
	auto-updates.log
	update_content.sh

no changes added to commit (use "git add" and/or "git commit -a")
Everything up-to-date
Attempted to update content at Thu Dec 26 10:38:02 PST 2024
Successfully updated tidbits content
Successfully updated about content
On branch main
Your branch is up to date with 'origin/main'.

Changes not staged for commit:
  (use "git add/rm <file>..." to update what will be committed)
  (use "git restore <file>..." to discard changes in working directory)
	modified:   src/app/home.css
	deleted:    update_tidbits.sh

Untracked files:
  (use "git add <file>..." to include in what will be committed)
	auto-updates.log
	update_content.sh

no changes added to commit (use "git add" and/or "git commit -a")
Everything up-to-date
Attempted to update content at Thu Dec 26 10:39:02 PST 2024
Successfully updated tidbits content
Successfully updated about content
On branch main
Your branch is up to date with 'origin/main'.

Changes not staged for commit:
  (use "git add/rm <file>..." to update what will be committed)
  (use "git restore <file>..." to discard changes in working directory)
	modified:   src/app/home.css
	modified:   src/components/TV/TV.css
	deleted:    update_tidbits.sh

Untracked files:
  (use "git add <file>..." to include in what will be committed)
	auto-updates.log
	update_content.sh

no changes added to commit (use "git add" and/or "git commit -a")
Everything up-to-date
Attempted to update content at Thu Dec 26 10:40:01 PST 2024
Successfully updated tidbits content
Successfully updated about content
On branch main
Your branch is up to date with 'origin/main'.

Changes not staged for commit:
  (use "git add/rm <file>..." to update what will be committed)
  (use "git restore <file>..." to discard changes in working directory)
	modified:   src/app/home.css
	modified:   src/components/TV/TV.css
	deleted:    update_tidbits.sh

Untracked files:
  (use "git add <file>..." to include in what will be committed)
	auto-updates.log
	update_content.sh

no changes added to commit (use "git add" and/or "git commit -a")
Everything up-to-date
Attempted to update content at Thu Dec 26 10:41:02 PST 2024
Successfully updated tidbits content
Successfully updated about content
On branch main
Your branch is up to date with 'origin/main'.

Changes not staged for commit:
  (use "git add/rm <file>..." to update what will be committed)
  (use "git restore <file>..." to discard changes in working directory)
	modified:   src/app/home.css
	modified:   src/components/TV/TV.css
	deleted:    update_tidbits.sh

Untracked files:
  (use "git add <file>..." to include in what will be committed)
	auto-updates.log
	update_content.sh

no changes added to commit (use "git add" and/or "git commit -a")
Everything up-to-date
Attempted to update content at Thu Dec 26 10:42:25 PST 2024
Successfully updated tidbits content
Successfully updated about content
On branch main
Your branch is up to date with 'origin/main'.

Changes not staged for commit:
  (use "git add/rm <file>..." to update what will be committed)
  (use "git restore <file>..." to discard changes in working directory)
	modified:   src/app/home.css
	modified:   src/components/TV/TV.css
	deleted:    update_tidbits.sh

Untracked files:
  (use "git add <file>..." to include in what will be committed)
	auto-updates.log
	update_content.sh

no changes added to commit (use "git add" and/or "git commit -a")
Everything up-to-date
Attempted to update content at Thu Dec 26 10:43:01 PST 2024
Successfully updated tidbits content
Successfully updated about content
On branch main
Your branch is up to date with 'origin/main'.

Changes not staged for commit:
  (use "git add/rm <file>..." to update what will be committed)
  (use "git restore <file>..." to discard changes in working directory)
	modified:   src/app/home.css
	modified:   src/components/TV/TV.css
	deleted:    update_tidbits.sh

Untracked files:
  (use "git add <file>..." to include in what will be committed)
	auto-updates.log
	update_content.sh

no changes added to commit (use "git add" and/or "git commit -a")
Everything up-to-date
Attempted to update content at Thu Dec 26 10:44:02 PST 2024
Successfully updated tidbits content
Successfully updated about content
On branch main
Your branch is up to date with 'origin/main'.

Changes not staged for commit:
  (use "git add/rm <file>..." to update what will be committed)
  (use "git restore <file>..." to discard changes in working directory)
	modified:   src/app/home.css
	modified:   src/components/TV/TV.css
	deleted:    update_tidbits.sh

Untracked files:
  (use "git add <file>..." to include in what will be committed)
	auto-updates.log
	update_content.sh

no changes added to commit (use "git add" and/or "git commit -a")
Everything up-to-date
Attempted to update content at Thu Dec 26 10:45:01 PST 2024
Successfully updated tidbits content
Successfully updated about content
On branch main
Your branch is up to date with 'origin/main'.

Changes not staged for commit:
  (use "git add/rm <file>..." to update what will be committed)
  (use "git restore <file>..." to discard changes in working directory)
	modified:   src/app/home.css
	modified:   src/components/TV/TV.css
	deleted:    update_tidbits.sh

Untracked files:
  (use "git add <file>..." to include in what will be committed)
	auto-updates.log
	update_content.sh

no changes added to commit (use "git add" and/or "git commit -a")
Everything up-to-date
Attempted to update content at Thu Dec 26 10:46:02 PST 2024
Successfully updated tidbits content
Successfully updated about content
On branch main
Your branch is up to date with 'origin/main'.

Changes not staged for commit:
  (use "git add/rm <file>..." to update what will be committed)
  (use "git restore <file>..." to discard changes in working directory)
	modified:   src/app/home.css
	modified:   src/components/TV/TV.css
	deleted:    update_tidbits.sh

Untracked files:
  (use "git add <file>..." to include in what will be committed)
	auto-updates.log
	update_content.sh

no changes added to commit (use "git add" and/or "git commit -a")
Everything up-to-date
Attempted to update content at Thu Dec 26 10:47:01 PST 2024
Successfully updated tidbits content
Successfully updated about content
On branch main
Your branch is up to date with 'origin/main'.

Changes not staged for commit:
  (use "git add/rm <file>..." to update what will be committed)
  (use "git restore <file>..." to discard changes in working directory)
	modified:   src/app/home.css
	modified:   src/components/TV/TV.css
	deleted:    update_tidbits.sh

Untracked files:
  (use "git add <file>..." to include in what will be committed)
	auto-updates.log
	update_content.sh

no changes added to commit (use "git add" and/or "git commit -a")
Everything up-to-date
Attempted to update content at Thu Dec 26 10:48:02 PST 2024
Successfully updated tidbits content
Successfully updated about content
On branch main
Your branch is up to date with 'origin/main'.

Changes not staged for commit:
  (use "git add/rm <file>..." to update what will be committed)
  (use "git restore <file>..." to discard changes in working directory)
	modified:   src/app/home.css
	modified:   src/components/TV/TV.css
	deleted:    update_tidbits.sh

Untracked files:
  (use "git add <file>..." to include in what will be committed)
	auto-updates.log
	update_content.sh

no changes added to commit (use "git add" and/or "git commit -a")
Everything up-to-date
Attempted to update content at Thu Dec 26 10:49:02 PST 2024
Successfully updated tidbits content
Successfully updated about content
On branch main
Your branch is up to date with 'origin/main'.

Changes not staged for commit:
  (use "git add/rm <file>..." to update what will be committed)
  (use "git restore <file>..." to discard changes in working directory)
	modified:   src/app/home.css
	modified:   src/components/TV/TV.css
	deleted:    update_tidbits.sh

Untracked files:
  (use "git add <file>..." to include in what will be committed)
	auto-updates.log
	update_content.sh

no changes added to commit (use "git add" and/or "git commit -a")
Everything up-to-date
Attempted to update content at Thu Dec 26 10:50:01 PST 2024
Successfully updated tidbits content
Successfully updated about content
On branch main
Your branch is up to date with 'origin/main'.

Changes not staged for commit:
  (use "git add/rm <file>..." to update what will be committed)
  (use "git restore <file>..." to discard changes in working directory)
	modified:   src/app/home.css
	modified:   src/components/TV/TV.css
	deleted:    update_tidbits.sh

Untracked files:
  (use "git add <file>..." to include in what will be committed)
	auto-updates.log
	update_content.sh

no changes added to commit (use "git add" and/or "git commit -a")
Everything up-to-date
Attempted to update content at Thu Dec 26 10:51:02 PST 2024
Successfully updated tidbits content
Successfully updated about content
On branch main
Your branch is up to date with 'origin/main'.

Changes not staged for commit:
  (use "git add/rm <file>..." to update what will be committed)
  (use "git restore <file>..." to discard changes in working directory)
	modified:   src/app/home.css
	modified:   src/components/TV/TV.css
	deleted:    update_tidbits.sh

Untracked files:
  (use "git add <file>..." to include in what will be committed)
	auto-updates.log
	update_content.sh

no changes added to commit (use "git add" and/or "git commit -a")
Everything up-to-date
Attempted to update content at Thu Dec 26 10:52:02 PST 2024
Successfully updated tidbits content
Successfully updated about content
On branch main
Your branch is up to date with 'origin/main'.

Changes not staged for commit:
  (use "git add/rm <file>..." to update what will be committed)
  (use "git restore <file>..." to discard changes in working directory)
	modified:   src/app/home.css
	modified:   src/components/TV/TV.css
	deleted:    update_tidbits.sh

Untracked files:
  (use "git add <file>..." to include in what will be committed)
	auto-updates.log
	update_content.sh

no changes added to commit (use "git add" and/or "git commit -a")
Everything up-to-date
Attempted to update content at Thu Dec 26 10:53:01 PST 2024
Successfully updated tidbits content
Successfully updated about content
On branch main
Your branch is up to date with 'origin/main'.

Changes not staged for commit:
  (use "git add/rm <file>..." to update what will be committed)
  (use "git restore <file>..." to discard changes in working directory)
	modified:   src/app/home.css
	modified:   src/components/TV/TV.css
	deleted:    update_tidbits.sh

Untracked files:
  (use "git add <file>..." to include in what will be committed)
	auto-updates.log
	update_content.sh

no changes added to commit (use "git add" and/or "git commit -a")
Everything up-to-date
Attempted to update content at Thu Dec 26 10:54:02 PST 2024
Successfully updated tidbits content
Successfully updated about content
On branch main
Your branch is up to date with 'origin/main'.

Changes not staged for commit:
  (use "git add/rm <file>..." to update what will be committed)
  (use "git restore <file>..." to discard changes in working directory)
	modified:   src/app/home.css
	modified:   src/components/TV/TV.css
	deleted:    update_tidbits.sh

Untracked files:
  (use "git add <file>..." to include in what will be committed)
	auto-updates.log
	update_content.sh

no changes added to commit (use "git add" and/or "git commit -a")
Everything up-to-date
Attempted to update content at Thu Dec 26 10:55:02 PST 2024
Successfully updated tidbits content
Successfully updated about content
On branch main
Your branch is up to date with 'origin/main'.

Changes not staged for commit:
  (use "git add/rm <file>..." to update what will be committed)
  (use "git restore <file>..." to discard changes in working directory)
	modified:   src/app/home.css
	modified:   src/components/TV/TV.css
	deleted:    update_tidbits.sh

Untracked files:
  (use "git add <file>..." to include in what will be committed)
	auto-updates.log
	update_content.sh

no changes added to commit (use "git add" and/or "git commit -a")
Everything up-to-date
Attempted to update content at Thu Dec 26 10:56:02 PST 2024
Successfully updated tidbits content
Successfully updated about content
On branch main
Your branch is up to date with 'origin/main'.

Changes not staged for commit:
  (use "git add/rm <file>..." to update what will be committed)
  (use "git restore <file>..." to discard changes in working directory)
	modified:   src/app/home.css
	modified:   src/components/TV/TV.css
	deleted:    update_tidbits.sh

Untracked files:
  (use "git add <file>..." to include in what will be committed)
	auto-updates.log
	update_content.sh

no changes added to commit (use "git add" and/or "git commit -a")
Everything up-to-date
Attempted to update content at Thu Dec 26 10:57:02 PST 2024
Successfully updated tidbits content
Successfully updated about content
On branch main
Your branch is up to date with 'origin/main'.

Changes not staged for commit:
  (use "git add/rm <file>..." to update what will be committed)
  (use "git restore <file>..." to discard changes in working directory)
	modified:   src/app/home.css
	modified:   src/components/TV/TV.css
	deleted:    update_tidbits.sh

Untracked files:
  (use "git add <file>..." to include in what will be committed)
	auto-updates.log
	update_content.sh

no changes added to commit (use "git add" and/or "git commit -a")
Everything up-to-date
Attempted to update content at Thu Dec 26 10:58:01 PST 2024
Successfully updated tidbits content
Successfully updated about content
On branch main
Your branch is up to date with 'origin/main'.

Changes not staged for commit:
  (use "git add/rm <file>..." to update what will be committed)
  (use "git restore <file>..." to discard changes in working directory)
	modified:   src/app/home.css
	modified:   src/components/TV/TV.css
	deleted:    update_tidbits.sh

Untracked files:
  (use "git add <file>..." to include in what will be committed)
	auto-updates.log
	update_content.sh

no changes added to commit (use "git add" and/or "git commit -a")
Everything up-to-date
Attempted to update content at Thu Dec 26 10:59:02 PST 2024
Successfully updated tidbits content
Successfully updated about content
On branch main
Your branch is up to date with 'origin/main'.

Changes not staged for commit:
  (use "git add/rm <file>..." to update what will be committed)
  (use "git restore <file>..." to discard changes in working directory)
	modified:   src/app/home.css
	modified:   src/components/TV/TV.css
	deleted:    update_tidbits.sh

Untracked files:
  (use "git add <file>..." to include in what will be committed)
	auto-updates.log
	update_content.sh

no changes added to commit (use "git add" and/or "git commit -a")
Everything up-to-date
Attempted to update content at Thu Dec 26 11:00:01 PST 2024
Successfully updated tidbits content
Successfully updated about content
On branch main
Your branch is up to date with 'origin/main'.

Changes not staged for commit:
  (use "git add/rm <file>..." to update what will be committed)
  (use "git restore <file>..." to discard changes in working directory)
	modified:   src/app/home.css
	modified:   src/components/TV/TV.css
	deleted:    update_tidbits.sh

Untracked files:
  (use "git add <file>..." to include in what will be committed)
	auto-updates.log
	update_content.sh

no changes added to commit (use "git add" and/or "git commit -a")
Everything up-to-date
Attempted to update content at Thu Dec 26 11:01:02 PST 2024
Successfully updated tidbits content
Successfully updated about content
On branch main
Your branch is up to date with 'origin/main'.

Changes not staged for commit:
  (use "git add/rm <file>..." to update what will be committed)
  (use "git restore <file>..." to discard changes in working directory)
	modified:   src/app/home.css
	modified:   src/components/TV/TV.css
	deleted:    update_tidbits.sh

Untracked files:
  (use "git add <file>..." to include in what will be committed)
	auto-updates.log
	update_content.sh

no changes added to commit (use "git add" and/or "git commit -a")
Everything up-to-date
Attempted to update content at Thu Dec 26 11:02:01 PST 2024
Successfully updated tidbits content
Successfully updated about content
On branch main
Your branch is up to date with 'origin/main'.

Changes not staged for commit:
  (use "git add/rm <file>..." to update what will be committed)
  (use "git restore <file>..." to discard changes in working directory)
	modified:   src/app/home.css
	modified:   src/components/TV/TV.css
	deleted:    update_tidbits.sh

Untracked files:
  (use "git add <file>..." to include in what will be committed)
	auto-updates.log
	update_content.sh

no changes added to commit (use "git add" and/or "git commit -a")
Everything up-to-date
Attempted to update content at Thu Dec 26 11:03:12 PST 2024
Successfully updated tidbits content
Successfully updated about content
On branch main
Your branch is up to date with 'origin/main'.

Changes not staged for commit:
  (use "git add/rm <file>..." to update what will be committed)
  (use "git restore <file>..." to discard changes in working directory)
	modified:   src/app/home.css
	modified:   src/components/TV/TV.css
	deleted:    update_tidbits.sh

Untracked files:
  (use "git add <file>..." to include in what will be committed)
	auto-updates.log
	update_content.sh

no changes added to commit (use "git add" and/or "git commit -a")
Everything up-to-date
Attempted to update content at Thu Dec 26 11:04:01 PST 2024
Successfully updated tidbits content
Successfully updated about content
On branch main
Your branch is up to date with 'origin/main'.

Changes not staged for commit:
  (use "git add/rm <file>..." to update what will be committed)
  (use "git restore <file>..." to discard changes in working directory)
	modified:   src/app/home.css
	modified:   src/components/TV/TV.css
	deleted:    update_tidbits.sh

Untracked files:
  (use "git add <file>..." to include in what will be committed)
	auto-updates.log
	update_content.sh

no changes added to commit (use "git add" and/or "git commit -a")
Everything up-to-date
Attempted to update content at Thu Dec 26 11:05:01 PST 2024
Successfully updated tidbits content
Successfully updated about content
On branch main
Your branch is up to date with 'origin/main'.

Changes not staged for commit:
  (use "git add/rm <file>..." to update what will be committed)
  (use "git restore <file>..." to discard changes in working directory)
	modified:   src/app/home.css
	modified:   src/components/TV/TV.css
	deleted:    update_tidbits.sh

Untracked files:
  (use "git add <file>..." to include in what will be committed)
	auto-updates.log
	update_content.sh

no changes added to commit (use "git add" and/or "git commit -a")
Everything up-to-date
Attempted to update content at Thu Dec 26 11:06:02 PST 2024
Successfully updated tidbits content
Successfully updated about content
On branch main
Your branch is up to date with 'origin/main'.

Changes not staged for commit:
  (use "git add/rm <file>..." to update what will be committed)
  (use "git restore <file>..." to discard changes in working directory)
	modified:   src/app/home.css
	modified:   src/components/TV/TV.css
	deleted:    update_tidbits.sh

Untracked files:
  (use "git add <file>..." to include in what will be committed)
	auto-updates.log
	update_content.sh

no changes added to commit (use "git add" and/or "git commit -a")
Everything up-to-date
Attempted to update content at Thu Dec 26 11:07:01 PST 2024
Successfully updated tidbits content
Successfully updated about content
On branch main
Your branch is up to date with 'origin/main'.

Changes not staged for commit:
  (use "git add/rm <file>..." to update what will be committed)
  (use "git restore <file>..." to discard changes in working directory)
	modified:   src/app/home.css
	modified:   src/components/TV/TV.css
	deleted:    update_tidbits.sh

Untracked files:
  (use "git add <file>..." to include in what will be committed)
	auto-updates.log
	update_content.sh

no changes added to commit (use "git add" and/or "git commit -a")
Everything up-to-date
Attempted to update content at Thu Dec 26 11:08:02 PST 2024
Successfully updated tidbits content
Successfully updated about content
On branch main
Your branch is up to date with 'origin/main'.

Changes not staged for commit:
  (use "git add/rm <file>..." to update what will be committed)
  (use "git restore <file>..." to discard changes in working directory)
	modified:   src/app/home.css
	modified:   src/components/TV/TV.css
	deleted:    update_tidbits.sh

Untracked files:
  (use "git add <file>..." to include in what will be committed)
	auto-updates.log
	update_content.sh

no changes added to commit (use "git add" and/or "git commit -a")
Everything up-to-date
Attempted to update content at Thu Dec 26 11:09:01 PST 2024
Successfully updated tidbits content
Successfully updated about content
On branch main
Your branch is up to date with 'origin/main'.

Changes not staged for commit:
  (use "git add/rm <file>..." to update what will be committed)
  (use "git restore <file>..." to discard changes in working directory)
	modified:   src/app/home.css
	modified:   src/components/TV/TV.css
	deleted:    update_tidbits.sh

Untracked files:
  (use "git add <file>..." to include in what will be committed)
	auto-updates.log
	update_content.sh

no changes added to commit (use "git add" and/or "git commit -a")
Everything up-to-date
Attempted to update content at Thu Dec 26 11:10:03 PST 2024
Successfully updated tidbits content
Successfully updated about content
On branch main
Your branch is up to date with 'origin/main'.

Changes not staged for commit:
  (use "git add/rm <file>..." to update what will be committed)
  (use "git restore <file>..." to discard changes in working directory)
	modified:   src/app/home.css
	modified:   src/components/TV/TV.css
	deleted:    update_tidbits.sh

Untracked files:
  (use "git add <file>..." to include in what will be committed)
	auto-updates.log
	update_content.sh

no changes added to commit (use "git add" and/or "git commit -a")
Everything up-to-date
Attempted to update content at Thu Dec 26 11:11:02 PST 2024
Successfully updated tidbits content
Successfully updated about content
On branch main
Your branch is up to date with 'origin/main'.

Changes not staged for commit:
  (use "git add/rm <file>..." to update what will be committed)
  (use "git restore <file>..." to discard changes in working directory)
	modified:   src/app/home.css
	modified:   src/components/TV/TV.css
	deleted:    update_tidbits.sh

Untracked files:
  (use "git add <file>..." to include in what will be committed)
	auto-updates.log
	update_content.sh

no changes added to commit (use "git add" and/or "git commit -a")
Everything up-to-date
Attempted to update content at Thu Dec 26 11:12:07 PST 2024
Successfully updated tidbits content
Successfully updated about content
On branch main
Your branch is up to date with 'origin/main'.

Changes not staged for commit:
  (use "git add/rm <file>..." to update what will be committed)
  (use "git restore <file>..." to discard changes in working directory)
	modified:   src/app/home.css
	modified:   src/components/TV/TV.css
	deleted:    update_tidbits.sh

Untracked files:
  (use "git add <file>..." to include in what will be committed)
	auto-updates.log
	update_content.sh

no changes added to commit (use "git add" and/or "git commit -a")
Everything up-to-date
Attempted to update content at Thu Dec 26 11:13:04 PST 2024
Successfully updated tidbits content
Successfully updated about content
On branch main
Your branch is up to date with 'origin/main'.

Changes not staged for commit:
  (use "git add/rm <file>..." to update what will be committed)
  (use "git restore <file>..." to discard changes in working directory)
	modified:   src/app/home.css
	modified:   src/components/TV/TV.css
	deleted:    update_tidbits.sh

Untracked files:
  (use "git add <file>..." to include in what will be committed)
	auto-updates.log
	update_content.sh

no changes added to commit (use "git add" and/or "git commit -a")
Everything up-to-date
Attempted to update content at Thu Dec 26 11:14:02 PST 2024
Successfully updated tidbits content
Successfully updated about content
On branch main
Your branch is up to date with 'origin/main'.

Changes not staged for commit:
  (use "git add/rm <file>..." to update what will be committed)
  (use "git restore <file>..." to discard changes in working directory)
	modified:   src/app/home.css
	modified:   src/components/TV/TV.css
	deleted:    update_tidbits.sh

Untracked files:
  (use "git add <file>..." to include in what will be committed)
	auto-updates.log
	update_content.sh

no changes added to commit (use "git add" and/or "git commit -a")
Everything up-to-date
Attempted to update content at Thu Dec 26 11:15:01 PST 2024
Successfully updated tidbits content
Successfully updated about content
On branch main
Your branch is up to date with 'origin/main'.

Changes not staged for commit:
  (use "git add/rm <file>..." to update what will be committed)
  (use "git restore <file>..." to discard changes in working directory)
	modified:   src/app/home.css
	modified:   src/components/TV/TV.css
	deleted:    update_tidbits.sh

Untracked files:
  (use "git add <file>..." to include in what will be committed)
	auto-updates.log
	update_content.sh

no changes added to commit (use "git add" and/or "git commit -a")
Everything up-to-date
Attempted to update content at Thu Dec 26 11:16:02 PST 2024
Successfully updated tidbits content
Successfully updated about content
On branch main
Your branch is up to date with 'origin/main'.

Changes not staged for commit:
  (use "git add/rm <file>..." to update what will be committed)
  (use "git restore <file>..." to discard changes in working directory)
	modified:   src/app/home.css
	modified:   src/components/TV/TV.css
	deleted:    update_tidbits.sh

Untracked files:
  (use "git add <file>..." to include in what will be committed)
	auto-updates.log
	update_content.sh

no changes added to commit (use "git add" and/or "git commit -a")
Everything up-to-date
Attempted to update content at Thu Dec 26 11:17:02 PST 2024
Successfully updated tidbits content
Successfully updated about content
On branch main
Your branch is up to date with 'origin/main'.

Changes not staged for commit:
  (use "git add/rm <file>..." to update what will be committed)
  (use "git restore <file>..." to discard changes in working directory)
	modified:   src/app/home.css
	modified:   src/components/TV/TV.css
	deleted:    update_tidbits.sh

Untracked files:
  (use "git add <file>..." to include in what will be committed)
	auto-updates.log
	update_content.sh

no changes added to commit (use "git add" and/or "git commit -a")
Everything up-to-date
Attempted to update content at Thu Dec 26 11:18:01 PST 2024
Successfully updated tidbits content
Successfully updated about content
On branch main
Your branch is up to date with 'origin/main'.

Changes not staged for commit:
  (use "git add/rm <file>..." to update what will be committed)
  (use "git restore <file>..." to discard changes in working directory)
	modified:   src/app/home.css
	modified:   src/components/TV/TV.css
	deleted:    update_tidbits.sh

Untracked files:
  (use "git add <file>..." to include in what will be committed)
	auto-updates.log
	update_content.sh

no changes added to commit (use "git add" and/or "git commit -a")
Everything up-to-date
Attempted to update content at Thu Dec 26 11:19:02 PST 2024
Successfully updated tidbits content
Successfully updated about content
On branch main
Your branch is up to date with 'origin/main'.

Changes not staged for commit:
  (use "git add/rm <file>..." to update what will be committed)
  (use "git restore <file>..." to discard changes in working directory)
	modified:   src/app/home.css
	modified:   src/components/TV/TV.css
	deleted:    update_tidbits.sh

Untracked files:
  (use "git add <file>..." to include in what will be committed)
	auto-updates.log
	update_content.sh

no changes added to commit (use "git add" and/or "git commit -a")
Everything up-to-date
Attempted to update content at Thu Dec 26 11:20:02 PST 2024
Successfully updated tidbits content
Successfully updated about content
On branch main
Your branch is up to date with 'origin/main'.

Changes not staged for commit:
  (use "git add/rm <file>..." to update what will be committed)
  (use "git restore <file>..." to discard changes in working directory)
	modified:   src/app/home.css
	modified:   src/components/TV/TV.css
	deleted:    update_tidbits.sh

Untracked files:
  (use "git add <file>..." to include in what will be committed)
	auto-updates.log
	update_content.sh

no changes added to commit (use "git add" and/or "git commit -a")
Everything up-to-date
Attempted to update content at Thu Dec 26 11:21:05 PST 2024
Successfully updated tidbits content
Successfully updated about content
On branch main
Your branch is up to date with 'origin/main'.

Changes not staged for commit:
  (use "git add/rm <file>..." to update what will be committed)
  (use "git restore <file>..." to discard changes in working directory)
	modified:   src/app/home.css
	modified:   src/components/TV/TV.css
	deleted:    update_tidbits.sh

Untracked files:
  (use "git add <file>..." to include in what will be committed)
	auto-updates.log
	update_content.sh

no changes added to commit (use "git add" and/or "git commit -a")
Everything up-to-date
Attempted to update content at Thu Dec 26 11:22:02 PST 2024
Successfully updated tidbits content
Successfully updated about content
On branch main
Your branch is up to date with 'origin/main'.

Changes not staged for commit:
  (use "git add/rm <file>..." to update what will be committed)
  (use "git restore <file>..." to discard changes in working directory)
	modified:   src/app/home.css
	modified:   src/components/TV/TV.css
	deleted:    update_tidbits.sh

Untracked files:
  (use "git add <file>..." to include in what will be committed)
	auto-updates.log
	update_content.sh

no changes added to commit (use "git add" and/or "git commit -a")
Everything up-to-date
Attempted to update content at Thu Dec 26 11:23:01 PST 2024
